{"uid":"c991ef9f8c9c0e62","name":"test_login[selenium19@gmail.com-sel@123]","fullName":"Test_Selenium_Jenkins_Integration#test_login","historyId":"5f348492ed119a367ccb72a76770c643","time":{"start":1735467339100,"stop":1735467360262,"duration":21162},"status":"passed","flaky":false,"newFailed":false,"newBroken":false,"newPassed":true,"retriesCount":1,"retriesStatusChange":true,"beforeStages":[{"name":"_xunit_setup_function_fixture_Test_Selenium_Jenkins_Integration","time":{"start":1735467270110,"stop":1735467339098,"duration":68988},"status":"passed","steps":[],"attachments":[],"parameters":[],"shouldDisplayMessage":false,"attachmentsCount":0,"hasContent":false,"attachmentStep":false,"stepsCount":0}],"afterStages":[{"name":"_xunit_setup_function_fixture_Test_Selenium_Jenkins_Integration::0","time":{"start":1735467360266,"stop":1735467361770,"duration":1504},"status":"passed","steps":[],"attachments":[],"parameters":[],"shouldDisplayMessage":false,"attachmentsCount":0,"hasContent":false,"attachmentStep":false,"stepsCount":0}],"labels":[{"name":"suite","value":"Test_Selenium_Jenkins_Integration"},{"name":"host","value":"DESKTOP-439B20F"},{"name":"thread","value":"13660-MainThread"},{"name":"framework","value":"pytest"},{"name":"language","value":"cpython3"},{"name":"package","value":"Test_Selenium_Jenkins_Integration"},{"name":"resultFormat","value":"allure2"}],"parameters":[{"name":"password","value":"'sel@123'"},{"name":"username","value":"'selenium19@gmail.com'"}],"links":[],"hidden":false,"retry":false,"extra":{"severity":"normal","retries":[{"uid":"ff5063d443e66871","status":"broken","statusDetails":"selenium.common.exceptions.NoSuchElementException: Message: Unable to locate element: [name=\"email\"]; For documentation on this error, please visit: https://www.selenium.dev/documentation/webdriver/troubleshooting/errors#no-such-element-exception\nStacktrace:\nRemoteError@chrome://remote/content/shared/RemoteError.sys.mjs:8:8\nWebDriverError@chrome://remote/content/shared/webdriver/Errors.sys.mjs:193:5\nNoSuchElementError@chrome://remote/content/shared/webdriver/Errors.sys.mjs:511:5\ndom.find/</<@chrome://remote/content/shared/DOM.sys.mjs:136:16","time":{"start":1735467051905,"stop":1735467056844,"duration":4939}}],"categories":[],"history":{"statistic":{"failed":0,"broken":1,"skipped":0,"passed":1,"unknown":0,"total":2},"items":[{"uid":"1902f361bc3163ba","reportUrl":"http://192.168.10.3:8080/job/Selenium_Python_Jenkins/1/allure/#testresult/1902f361bc3163ba","status":"broken","statusDetails":"selenium.common.exceptions.NoSuchElementException: Message: Unable to locate element: [name=\"email\"]; For documentation on this error, please visit: https://www.selenium.dev/documentation/webdriver/troubleshooting/errors#no-such-element-exception\nStacktrace:\nRemoteError@chrome://remote/content/shared/RemoteError.sys.mjs:8:8\nWebDriverError@chrome://remote/content/shared/webdriver/Errors.sys.mjs:193:5\nNoSuchElementError@chrome://remote/content/shared/webdriver/Errors.sys.mjs:511:5\ndom.find/</<@chrome://remote/content/shared/DOM.sys.mjs:136:16","time":{"start":1735467051905,"stop":1735467056844,"duration":4939}}]},"tags":[]},"source":"c991ef9f8c9c0e62.json","parameterValues":["'sel@123'","'selenium19@gmail.com'"]}